[debug] [2019-12-08T19:08:53.965Z] ----------------------------------------------------------------------
[debug] [2019-12-08T19:08:53.966Z] Command:       /usr/local/bin/node /usr/local/bin/firebase init
[debug] [2019-12-08T19:08:53.966Z] CLI Version:   7.8.1
[debug] [2019-12-08T19:08:53.966Z] Platform:      darwin
[debug] [2019-12-08T19:08:53.966Z] Node Version:  v12.13.0
[debug] [2019-12-08T19:08:53.967Z] Time:          Sun Dec 08 2019 20:08:53 GMT+0100 (Central European Standard Time)
[debug] [2019-12-08T19:08:53.967Z] ----------------------------------------------------------------------
[debug] [2019-12-08T19:08:53.967Z] 
[debug] [2019-12-08T19:08:53.972Z] > command requires scopes: ["email","openid","https://www.googleapis.com/auth/cloudplatformprojects.readonly","https://www.googleapis.com/auth/firebase","https://www.googleapis.com/auth/cloud-platform"]
[debug] [2019-12-08T19:08:53.972Z] > authorizing via signed-in user
[info] 
     ######## #### ########  ######## ########     ###     ######  ########
     ##        ##  ##     ## ##       ##     ##  ##   ##  ##       ##
     ######    ##  ########  ######   ########  #########  ######  ######
     ##        ##  ##    ##  ##       ##     ## ##     ##       ## ##
     ##       #### ##     ## ######## ########  ##     ##  ######  ########

You're about to initialize a Firebase project in this directory:

  /Users/nicola/dev/echo-webapp

Before we get started, keep in mind:

  * You are initializing in an existing Firebase project directory

[info] 
=== Project Setup
[info] 
[info] First, let's associate this project directory with a Firebase project.
[info] You can create multiple project aliases by running firebase use --add, 
[info] but for now we'll just set up a default project.
[info] 
[info] i  .firebaserc already has a default project, using echo-frontend-react.
[debug] [2019-12-08T19:08:57.595Z] >>> HTTP REQUEST GET https://firebase.googleapis.com/v1beta1/projects/echo-frontend-react  
 
[debug] [2019-12-08T19:08:58.026Z] <<< HTTP RESPONSE 403
[debug] [2019-12-08T19:08:58.027Z] <<< HTTP RESPONSE BODY
[debug] [2019-12-08T19:08:58.028Z] HTTP Error: 403, The caller does not have permission
[debug] [2019-12-08T19:08:58.030Z] FirebaseError: HTTP Error: 403, The caller does not have permission
    at module.exports (/usr/local/lib/node_modules/firebase-tools/lib/responseToError.js:38:12)
    at Request._callback (/usr/local/lib/node_modules/firebase-tools/lib/api.js:39:35)
    at Request.self.callback (/usr/local/lib/node_modules/firebase-tools/node_modules/request/request.js:185:22)
    at Request.emit (events.js:210:5)
    at Request.EventEmitter.emit (domain.js:476:20)
    at Request.<anonymous> (/usr/local/lib/node_modules/firebase-tools/node_modules/request/request.js:1161:10)
    at Request.emit (events.js:210:5)
    at Request.EventEmitter.emit (domain.js:476:20)
    at IncomingMessage.<anonymous> (/usr/local/lib/node_modules/firebase-tools/node_modules/request/request.js:1083:12)
    at Object.onceWrapper (events.js:299:28)
    at IncomingMessage.emit (events.js:215:7)
    at IncomingMessage.EventEmitter.emit (domain.js:476:20)
    at endReadableNT (_stream_readable.js:1183:12)
    at processTicksAndRejections (internal/process/task_queues.js:80:21)
[error] 
[error] Error: Failed to get Firebase project echo-frontend-react. Please make sure the project exists and your account has permission to access it.
